{
  "0 debug pnpm:scope": {
    "selected": 1,
    "workspacePrefix": "/workspaces/prisma"
  },
  "1 error pnpm": {
    "errno": 1,
    "code": "ELIFECYCLE",
    "pkgid": "@",
    "stage": "bump-engines",
    "script": "ts-node scripts/bump-engines.ts \"2.31.0-25.node-api-threadsafe-unref-1ca259332bad49e28dd3eda822c358a766b3ec08\"",
    "err": {
      "name": "pnpm",
      "message": "@ bump-engines: `ts-node scripts/bump-engines.ts \"2.31.0-25.node-api-threadsafe-unref-1ca259332bad49e28dd3eda822c358a766b3ec08\"`\nExit status 1",
      "code": "ELIFECYCLE",
      "stack": "pnpm: @ bump-engines: `ts-node scripts/bump-engines.ts \"2.31.0-25.node-api-threadsafe-unref-1ca259332bad49e28dd3eda822c358a766b3ec08\"`\nExit status 1\n    at EventEmitter.<anonymous> (/usr/local/share/npm-global/lib/node_modules/pnpm/dist/pnpm.cjs:104575:20)\n    at EventEmitter.emit (events.js:400:28)\n    at ChildProcess.<anonymous> (/usr/local/share/npm-global/lib/node_modules/pnpm/dist/pnpm.cjs:92564:18)\n    at ChildProcess.emit (events.js:400:28)\n    at maybeClose (internal/child_process.js:1055:16)\n    at Process.ChildProcess._handle.onexit (internal/child_process.js:288:5)"
    }
  },
  "2 warn pnpm:global": " Local package.json exists, but node_modules missing, did you mean to install?"
}