{
  "0 debug pnpm:scope": {
    "selected": 1,
    "workspacePrefix": "/Users/tim/code/p2"
  },
  "1 error pnpm": {
    "message": {
      "errno": 1,
      "code": "ELIFECYCLE",
      "pkgid": "@prisma/introspection@0.0.125",
      "stage": "test",
      "script": "jest",
      "pkgname": "@prisma/introspection"
    },
    "err": {
      "name": "Error",
      "message": "@prisma/introspection@0.0.125 test: `jest`\nExit status 1",
      "code": "ELIFECYCLE",
      "stack": "Error: @prisma/introspection@0.0.125 test: `jest`\nExit status 1\n    at EventEmitter.<anonymous> (/Users/tim/code/pnpm/node_modules/.pnpm/registry.npmjs.org/@zkochan/npm-lifecycle/3.1.4/node_modules/@zkochan/npm-lifecycle/index.js:302:16)\n    at EventEmitter.emit (events.js:210:5)\n    at ChildProcess.<anonymous> (/Users/tim/code/pnpm/node_modules/.pnpm/registry.npmjs.org/@zkochan/npm-lifecycle/3.1.4/node_modules/@zkochan/npm-lifecycle/lib/spawn.js:55:14)\n    at ChildProcess.emit (events.js:210:5)\n    at maybeClose (internal/child_process.js:1021:16)\n    at Process.ChildProcess._handle.onexit (internal/child_process.js:283:5)"
    }
  }
}